<?xml version="1.0" encoding="UTF-8"?>
<!-- Generated by org.testng.reporters.JUnitReportReporter -->
<testsuite hostname="LAPTOP-DQHTQP3P" failures="0" tests="5" name="TWOPACK.SearchTest" time="38.207" errors="0" timestamp="2024-05-18T11:32:38 IST" skipped="0">
  <testcase classname="TWOPACK.SearchTest" name="VerifySearchExistingProductName" time="7.159"/>
  <testcase classname="TWOPACK.SearchTest" name="VerifySearchNonExistingProdoct" time="7.754"/>
  <testcase classname="TWOPACK.SearchTest" name="VerifyUsingSearchCriteriaField" time="7.608"/>
  <testcase classname="TWOPACK.SearchTest" name="VerifySearchbyselectingthecategoryofproduct" time="7.685"/>
  <testcase classname="TWOPACK.SearchTest" name="VerifyNavigateProductCamparePageFromSearchPage" time="8.001"/>
</testsuite> <!-- TWOPACK.SearchTest -->
